<?xml version="1.0" encoding="UTF-8"?>
<testsuite xmlns:xsi="http://www.w3.org/2001/XMLSchema-instance" xsi:noNamespaceSchemaLocation="https://maven.apache.org/surefire/maven-surefire-plugin/xsd/surefire-test-report-3.0.xsd" version="3.0" name="com.miccarv.project.ProjectApplicationTests" time="5.449" tests="1" errors="0" skipped="0" failures="0">
  <properties>
    <property name="java.specification.version" value="17"/>
    <property name="sun.jnu.encoding" value="UTF-8"/>
    <property name="java.class.path" value="/home/mikhael/Documents/teste-api-processos/backend/target/test-classes:/home/mikhael/Documents/teste-api-processos/backend/target/classes:/home/mikhael/.m2/repository/org/springframework/boot/spring-boot-starter-actuator/3.1.0/spring-boot-starter-actuator-3.1.0.jar:/home/mikhael/.m2/repository/org/springframework/boot/spring-boot-starter/3.1.0/spring-boot-starter-3.1.0.jar:/home/mikhael/.m2/repository/org/springframework/boot/spring-boot-starter-logging/3.1.0/spring-boot-starter-logging-3.1.0.jar:/home/mikhael/.m2/repository/ch/qos/logback/logback-classic/1.4.7/logback-classic-1.4.7.jar:/home/mikhael/.m2/repository/ch/qos/logback/logback-core/1.4.7/logback-core-1.4.7.jar:/home/mikhael/.m2/repository/org/apache/logging/log4j/log4j-to-slf4j/2.20.0/log4j-to-slf4j-2.20.0.jar:/home/mikhael/.m2/repository/org/apache/logging/log4j/log4j-api/2.20.0/log4j-api-2.20.0.jar:/home/mikhael/.m2/repository/org/slf4j/jul-to-slf4j/2.0.7/jul-to-slf4j-2.0.7.jar:/home/mikhael/.m2/repository/jakarta/annotation/jakarta.annotation-api/2.1.1/jakarta.annotation-api-2.1.1.jar:/home/mikhael/.m2/repository/org/yaml/snakeyaml/1.33/snakeyaml-1.33.jar:/home/mikhael/.m2/repository/org/springframework/boot/spring-boot-actuator-autoconfigure/3.1.0/spring-boot-actuator-autoconfigure-3.1.0.jar:/home/mikhael/.m2/repository/org/springframework/boot/spring-boot-actuator/3.1.0/spring-boot-actuator-3.1.0.jar:/home/mikhael/.m2/repository/com/fasterxml/jackson/core/jackson-databind/2.15.0/jackson-databind-2.15.0.jar:/home/mikhael/.m2/repository/com/fasterxml/jackson/core/jackson-annotations/2.15.0/jackson-annotations-2.15.0.jar:/home/mikhael/.m2/repository/com/fasterxml/jackson/datatype/jackson-datatype-jsr310/2.15.0/jackson-datatype-jsr310-2.15.0.jar:/home/mikhael/.m2/repository/io/micrometer/micrometer-observation/1.11.0/micrometer-observation-1.11.0.jar:/home/mikhael/.m2/repository/io/micrometer/micrometer-commons/1.11.0/micrometer-commons-1.11.0.jar:/home/mikhael/.m2/repository/io/micrometer/micrometer-core/1.11.0/micrometer-core-1.11.0.jar:/home/mikhael/.m2/repository/org/hdrhistogram/HdrHistogram/2.1.12/HdrHistogram-2.1.12.jar:/home/mikhael/.m2/repository/org/latencyutils/LatencyUtils/2.0.3/LatencyUtils-2.0.3.jar:/home/mikhael/.m2/repository/org/springframework/boot/spring-boot-starter-web/3.1.0/spring-boot-starter-web-3.1.0.jar:/home/mikhael/.m2/repository/org/springframework/boot/spring-boot-starter-json/3.1.0/spring-boot-starter-json-3.1.0.jar:/home/mikhael/.m2/repository/com/fasterxml/jackson/datatype/jackson-datatype-jdk8/2.15.0/jackson-datatype-jdk8-2.15.0.jar:/home/mikhael/.m2/repository/com/fasterxml/jackson/module/jackson-module-parameter-names/2.15.0/jackson-module-parameter-names-2.15.0.jar:/home/mikhael/.m2/repository/org/springframework/boot/spring-boot-starter-tomcat/3.1.0/spring-boot-starter-tomcat-3.1.0.jar:/home/mikhael/.m2/repository/org/apache/tomcat/embed/tomcat-embed-core/10.1.8/tomcat-embed-core-10.1.8.jar:/home/mikhael/.m2/repository/org/apache/tomcat/embed/tomcat-embed-el/10.1.8/tomcat-embed-el-10.1.8.jar:/home/mikhael/.m2/repository/org/apache/tomcat/embed/tomcat-embed-websocket/10.1.8/tomcat-embed-websocket-10.1.8.jar:/home/mikhael/.m2/repository/org/springframework/spring-web/6.0.9/spring-web-6.0.9.jar:/home/mikhael/.m2/repository/org/springframework/spring-beans/6.0.9/spring-beans-6.0.9.jar:/home/mikhael/.m2/repository/org/springframework/spring-webmvc/6.0.9/spring-webmvc-6.0.9.jar:/home/mikhael/.m2/repository/org/springframework/spring-aop/6.0.9/spring-aop-6.0.9.jar:/home/mikhael/.m2/repository/org/springframework/spring-context/6.0.9/spring-context-6.0.9.jar:/home/mikhael/.m2/repository/org/springframework/spring-expression/6.0.9/spring-expression-6.0.9.jar:/home/mikhael/.m2/repository/org/springframework/boot/spring-boot-starter-test/3.1.0/spring-boot-starter-test-3.1.0.jar:/home/mikhael/.m2/repository/org/springframework/boot/spring-boot-test/3.1.0/spring-boot-test-3.1.0.jar:/home/mikhael/.m2/repository/org/springframework/boot/spring-boot-test-autoconfigure/3.1.0/spring-boot-test-autoconfigure-3.1.0.jar:/home/mikhael/.m2/repository/com/jayway/jsonpath/json-path/2.8.0/json-path-2.8.0.jar:/home/mikhael/.m2/repository/org/slf4j/slf4j-api/2.0.7/slf4j-api-2.0.7.jar:/home/mikhael/.m2/repository/jakarta/xml/bind/jakarta.xml.bind-api/4.0.0/jakarta.xml.bind-api-4.0.0.jar:/home/mikhael/.m2/repository/jakarta/activation/jakarta.activation-api/2.1.2/jakarta.activation-api-2.1.2.jar:/home/mikhael/.m2/repository/net/minidev/json-smart/2.4.10/json-smart-2.4.10.jar:/home/mikhael/.m2/repository/net/minidev/accessors-smart/2.4.9/accessors-smart-2.4.9.jar:/home/mikhael/.m2/repository/org/ow2/asm/asm/9.3/asm-9.3.jar:/home/mikhael/.m2/repository/org/assertj/assertj-core/3.24.2/assertj-core-3.24.2.jar:/home/mikhael/.m2/repository/net/bytebuddy/byte-buddy/1.14.4/byte-buddy-1.14.4.jar:/home/mikhael/.m2/repository/org/hamcrest/hamcrest/2.2/hamcrest-2.2.jar:/home/mikhael/.m2/repository/org/junit/jupiter/junit-jupiter/5.9.3/junit-jupiter-5.9.3.jar:/home/mikhael/.m2/repository/org/junit/jupiter/junit-jupiter-api/5.9.3/junit-jupiter-api-5.9.3.jar:/home/mikhael/.m2/repository/org/opentest4j/opentest4j/1.2.0/opentest4j-1.2.0.jar:/home/mikhael/.m2/repository/org/junit/platform/junit-platform-commons/1.9.3/junit-platform-commons-1.9.3.jar:/home/mikhael/.m2/repository/org/apiguardian/apiguardian-api/1.1.2/apiguardian-api-1.1.2.jar:/home/mikhael/.m2/repository/org/junit/jupiter/junit-jupiter-params/5.9.3/junit-jupiter-params-5.9.3.jar:/home/mikhael/.m2/repository/org/junit/jupiter/junit-jupiter-engine/5.9.3/junit-jupiter-engine-5.9.3.jar:/home/mikhael/.m2/repository/org/junit/platform/junit-platform-engine/1.9.3/junit-platform-engine-1.9.3.jar:/home/mikhael/.m2/repository/org/mockito/mockito-core/5.3.1/mockito-core-5.3.1.jar:/home/mikhael/.m2/repository/net/bytebuddy/byte-buddy-agent/1.14.4/byte-buddy-agent-1.14.4.jar:/home/mikhael/.m2/repository/org/objenesis/objenesis/3.3/objenesis-3.3.jar:/home/mikhael/.m2/repository/org/mockito/mockito-junit-jupiter/5.3.1/mockito-junit-jupiter-5.3.1.jar:/home/mikhael/.m2/repository/org/skyscreamer/jsonassert/1.5.1/jsonassert-1.5.1.jar:/home/mikhael/.m2/repository/com/vaadin/external/google/android-json/0.0.20131108.vaadin1/android-json-0.0.20131108.vaadin1.jar:/home/mikhael/.m2/repository/org/springframework/spring-core/6.0.9/spring-core-6.0.9.jar:/home/mikhael/.m2/repository/org/springframework/spring-jcl/6.0.9/spring-jcl-6.0.9.jar:/home/mikhael/.m2/repository/org/springframework/spring-test/6.0.9/spring-test-6.0.9.jar:/home/mikhael/.m2/repository/org/xmlunit/xmlunit-core/2.9.1/xmlunit-core-2.9.1.jar:/home/mikhael/.m2/repository/org/projectlombok/lombok/1.18.20/lombok-1.18.20.jar:/home/mikhael/.m2/repository/org/springframework/boot/spring-boot-devtools/3.1.0/spring-boot-devtools-3.1.0.jar:/home/mikhael/.m2/repository/org/springframework/boot/spring-boot/3.1.0/spring-boot-3.1.0.jar:/home/mikhael/.m2/repository/org/springframework/boot/spring-boot-autoconfigure/3.1.0/spring-boot-autoconfigure-3.1.0.jar:/home/mikhael/.m2/repository/org/springframework/boot/spring-boot-starter-data-jpa/3.1.0/spring-boot-starter-data-jpa-3.1.0.jar:/home/mikhael/.m2/repository/org/springframework/boot/spring-boot-starter-aop/3.1.0/spring-boot-starter-aop-3.1.0.jar:/home/mikhael/.m2/repository/org/aspectj/aspectjweaver/1.9.19/aspectjweaver-1.9.19.jar:/home/mikhael/.m2/repository/org/springframework/boot/spring-boot-starter-jdbc/3.1.0/spring-boot-starter-jdbc-3.1.0.jar:/home/mikhael/.m2/repository/com/zaxxer/HikariCP/5.0.1/HikariCP-5.0.1.jar:/home/mikhael/.m2/repository/org/springframework/spring-jdbc/6.0.9/spring-jdbc-6.0.9.jar:/home/mikhael/.m2/repository/org/hibernate/orm/hibernate-core/6.2.2.Final/hibernate-core-6.2.2.Final.jar:/home/mikhael/.m2/repository/jakarta/persistence/jakarta.persistence-api/3.1.0/jakarta.persistence-api-3.1.0.jar:/home/mikhael/.m2/repository/jakarta/transaction/jakarta.transaction-api/2.0.1/jakarta.transaction-api-2.0.1.jar:/home/mikhael/.m2/repository/org/jboss/logging/jboss-logging/3.5.0.Final/jboss-logging-3.5.0.Final.jar:/home/mikhael/.m2/repository/org/hibernate/common/hibernate-commons-annotations/6.0.6.Final/hibernate-commons-annotations-6.0.6.Final.jar:/home/mikhael/.m2/repository/io/smallrye/jandex/3.0.5/jandex-3.0.5.jar:/home/mikhael/.m2/repository/com/fasterxml/classmate/1.5.1/classmate-1.5.1.jar:/home/mikhael/.m2/repository/org/glassfish/jaxb/jaxb-runtime/4.0.2/jaxb-runtime-4.0.2.jar:/home/mikhael/.m2/repository/org/glassfish/jaxb/jaxb-core/4.0.2/jaxb-core-4.0.2.jar:/home/mikhael/.m2/repository/org/eclipse/angus/angus-activation/2.0.0/angus-activation-2.0.0.jar:/home/mikhael/.m2/repository/org/glassfish/jaxb/txw2/4.0.2/txw2-4.0.2.jar:/home/mikhael/.m2/repository/com/sun/istack/istack-commons-runtime/4.1.1/istack-commons-runtime-4.1.1.jar:/home/mikhael/.m2/repository/jakarta/inject/jakarta.inject-api/2.0.1/jakarta.inject-api-2.0.1.jar:/home/mikhael/.m2/repository/org/antlr/antlr4-runtime/4.10.1/antlr4-runtime-4.10.1.jar:/home/mikhael/.m2/repository/org/springframework/data/spring-data-jpa/3.1.0/spring-data-jpa-3.1.0.jar:/home/mikhael/.m2/repository/org/springframework/data/spring-data-commons/3.1.0/spring-data-commons-3.1.0.jar:/home/mikhael/.m2/repository/org/springframework/spring-orm/6.0.9/spring-orm-6.0.9.jar:/home/mikhael/.m2/repository/org/springframework/spring-tx/6.0.9/spring-tx-6.0.9.jar:/home/mikhael/.m2/repository/org/springframework/spring-aspects/6.0.9/spring-aspects-6.0.9.jar:/home/mikhael/.m2/repository/org/springframework/boot/spring-boot-starter-data-elasticsearch/3.1.0/spring-boot-starter-data-elasticsearch-3.1.0.jar:/home/mikhael/.m2/repository/org/springframework/data/spring-data-elasticsearch/5.1.0/spring-data-elasticsearch-5.1.0.jar:/home/mikhael/.m2/repository/co/elastic/clients/elasticsearch-java/8.7.1/elasticsearch-java-8.7.1.jar:/home/mikhael/.m2/repository/com/google/code/findbugs/jsr305/3.0.2/jsr305-3.0.2.jar:/home/mikhael/.m2/repository/jakarta/json/jakarta.json-api/2.1.1/jakarta.json-api-2.1.1.jar:/home/mikhael/.m2/repository/org/eclipse/parsson/parsson/1.0.0/parsson-1.0.0.jar:/home/mikhael/.m2/repository/org/elasticsearch/client/elasticsearch-rest-client/8.7.1/elasticsearch-rest-client-8.7.1.jar:/home/mikhael/.m2/repository/org/apache/httpcomponents/httpclient/4.5.13/httpclient-4.5.13.jar:/home/mikhael/.m2/repository/org/apache/httpcomponents/httpcore/4.4.16/httpcore-4.4.16.jar:/home/mikhael/.m2/repository/org/apache/httpcomponents/httpasyncclient/4.1.5/httpasyncclient-4.1.5.jar:/home/mikhael/.m2/repository/org/apache/httpcomponents/httpcore-nio/4.4.16/httpcore-nio-4.4.16.jar:/home/mikhael/.m2/repository/commons-codec/commons-codec/1.15/commons-codec-1.15.jar:/home/mikhael/.m2/repository/com/fasterxml/jackson/core/jackson-core/2.15.0/jackson-core-2.15.0.jar:/home/mikhael/.m2/repository/com/h2database/h2/2.1.214/h2-2.1.214.jar:/home/mikhael/.m2/repository/org/springframework/boot/spring-boot-starter-amqp/3.1.0/spring-boot-starter-amqp-3.1.0.jar:/home/mikhael/.m2/repository/org/springframework/spring-messaging/6.0.9/spring-messaging-6.0.9.jar:/home/mikhael/.m2/repository/org/springframework/amqp/spring-rabbit/3.0.4/spring-rabbit-3.0.4.jar:/home/mikhael/.m2/repository/org/springframework/amqp/spring-amqp/3.0.4/spring-amqp-3.0.4.jar:/home/mikhael/.m2/repository/org/springframework/retry/spring-retry/2.0.1/spring-retry-2.0.1.jar:/home/mikhael/.m2/repository/com/rabbitmq/amqp-client/5.17.0/amqp-client-5.17.0.jar:"/>
    <property name="java.vm.vendor" value="Private Build"/>
    <property name="sun.arch.data.model" value="64"/>
    <property name="java.vendor.url" value="Unknown"/>
    <property name="user.timezone" value="America/Bahia"/>
    <property name="org.jboss.logging.provider" value="slf4j"/>
    <property name="user.country.format" value="BR"/>
    <property name="os.name" value="Linux"/>
    <property name="java.vm.specification.version" value="17"/>
    <property name="sun.java.launcher" value="SUN_STANDARD"/>
    <property name="user.country" value="US"/>
    <property name="sun.boot.library.path" value="/usr/lib/jvm/java-17-openjdk-amd64/lib"/>
    <property name="sun.java.command" value="/home/mikhael/Documents/teste-api-processos/backend/target/surefire/surefirebooter-20230621185923658_3.jar /home/mikhael/Documents/teste-api-processos/backend/target/surefire 2023-06-21T18-59-23_574-jvmRun1 surefire-20230621185923658_1tmp surefire_0-20230621185923658_2tmp"/>
    <property name="jdk.debug" value="release"/>
    <property name="surefire.test.class.path" value="/home/mikhael/Documents/teste-api-processos/backend/target/test-classes:/home/mikhael/Documents/teste-api-processos/backend/target/classes:/home/mikhael/.m2/repository/org/springframework/boot/spring-boot-starter-actuator/3.1.0/spring-boot-starter-actuator-3.1.0.jar:/home/mikhael/.m2/repository/org/springframework/boot/spring-boot-starter/3.1.0/spring-boot-starter-3.1.0.jar:/home/mikhael/.m2/repository/org/springframework/boot/spring-boot-starter-logging/3.1.0/spring-boot-starter-logging-3.1.0.jar:/home/mikhael/.m2/repository/ch/qos/logback/logback-classic/1.4.7/logback-classic-1.4.7.jar:/home/mikhael/.m2/repository/ch/qos/logback/logback-core/1.4.7/logback-core-1.4.7.jar:/home/mikhael/.m2/repository/org/apache/logging/log4j/log4j-to-slf4j/2.20.0/log4j-to-slf4j-2.20.0.jar:/home/mikhael/.m2/repository/org/apache/logging/log4j/log4j-api/2.20.0/log4j-api-2.20.0.jar:/home/mikhael/.m2/repository/org/slf4j/jul-to-slf4j/2.0.7/jul-to-slf4j-2.0.7.jar:/home/mikhael/.m2/repository/jakarta/annotation/jakarta.annotation-api/2.1.1/jakarta.annotation-api-2.1.1.jar:/home/mikhael/.m2/repository/org/yaml/snakeyaml/1.33/snakeyaml-1.33.jar:/home/mikhael/.m2/repository/org/springframework/boot/spring-boot-actuator-autoconfigure/3.1.0/spring-boot-actuator-autoconfigure-3.1.0.jar:/home/mikhael/.m2/repository/org/springframework/boot/spring-boot-actuator/3.1.0/spring-boot-actuator-3.1.0.jar:/home/mikhael/.m2/repository/com/fasterxml/jackson/core/jackson-databind/2.15.0/jackson-databind-2.15.0.jar:/home/mikhael/.m2/repository/com/fasterxml/jackson/core/jackson-annotations/2.15.0/jackson-annotations-2.15.0.jar:/home/mikhael/.m2/repository/com/fasterxml/jackson/datatype/jackson-datatype-jsr310/2.15.0/jackson-datatype-jsr310-2.15.0.jar:/home/mikhael/.m2/repository/io/micrometer/micrometer-observation/1.11.0/micrometer-observation-1.11.0.jar:/home/mikhael/.m2/repository/io/micrometer/micrometer-commons/1.11.0/micrometer-commons-1.11.0.jar:/home/mikhael/.m2/repository/io/micrometer/micrometer-core/1.11.0/micrometer-core-1.11.0.jar:/home/mikhael/.m2/repository/org/hdrhistogram/HdrHistogram/2.1.12/HdrHistogram-2.1.12.jar:/home/mikhael/.m2/repository/org/latencyutils/LatencyUtils/2.0.3/LatencyUtils-2.0.3.jar:/home/mikhael/.m2/repository/org/springframework/boot/spring-boot-starter-web/3.1.0/spring-boot-starter-web-3.1.0.jar:/home/mikhael/.m2/repository/org/springframework/boot/spring-boot-starter-json/3.1.0/spring-boot-starter-json-3.1.0.jar:/home/mikhael/.m2/repository/com/fasterxml/jackson/datatype/jackson-datatype-jdk8/2.15.0/jackson-datatype-jdk8-2.15.0.jar:/home/mikhael/.m2/repository/com/fasterxml/jackson/module/jackson-module-parameter-names/2.15.0/jackson-module-parameter-names-2.15.0.jar:/home/mikhael/.m2/repository/org/springframework/boot/spring-boot-starter-tomcat/3.1.0/spring-boot-starter-tomcat-3.1.0.jar:/home/mikhael/.m2/repository/org/apache/tomcat/embed/tomcat-embed-core/10.1.8/tomcat-embed-core-10.1.8.jar:/home/mikhael/.m2/repository/org/apache/tomcat/embed/tomcat-embed-el/10.1.8/tomcat-embed-el-10.1.8.jar:/home/mikhael/.m2/repository/org/apache/tomcat/embed/tomcat-embed-websocket/10.1.8/tomcat-embed-websocket-10.1.8.jar:/home/mikhael/.m2/repository/org/springframework/spring-web/6.0.9/spring-web-6.0.9.jar:/home/mikhael/.m2/repository/org/springframework/spring-beans/6.0.9/spring-beans-6.0.9.jar:/home/mikhael/.m2/repository/org/springframework/spring-webmvc/6.0.9/spring-webmvc-6.0.9.jar:/home/mikhael/.m2/repository/org/springframework/spring-aop/6.0.9/spring-aop-6.0.9.jar:/home/mikhael/.m2/repository/org/springframework/spring-context/6.0.9/spring-context-6.0.9.jar:/home/mikhael/.m2/repository/org/springframework/spring-expression/6.0.9/spring-expression-6.0.9.jar:/home/mikhael/.m2/repository/org/springframework/boot/spring-boot-starter-test/3.1.0/spring-boot-starter-test-3.1.0.jar:/home/mikhael/.m2/repository/org/springframework/boot/spring-boot-test/3.1.0/spring-boot-test-3.1.0.jar:/home/mikhael/.m2/repository/org/springframework/boot/spring-boot-test-autoconfigure/3.1.0/spring-boot-test-autoconfigure-3.1.0.jar:/home/mikhael/.m2/repository/com/jayway/jsonpath/json-path/2.8.0/json-path-2.8.0.jar:/home/mikhael/.m2/repository/org/slf4j/slf4j-api/2.0.7/slf4j-api-2.0.7.jar:/home/mikhael/.m2/repository/jakarta/xml/bind/jakarta.xml.bind-api/4.0.0/jakarta.xml.bind-api-4.0.0.jar:/home/mikhael/.m2/repository/jakarta/activation/jakarta.activation-api/2.1.2/jakarta.activation-api-2.1.2.jar:/home/mikhael/.m2/repository/net/minidev/json-smart/2.4.10/json-smart-2.4.10.jar:/home/mikhael/.m2/repository/net/minidev/accessors-smart/2.4.9/accessors-smart-2.4.9.jar:/home/mikhael/.m2/repository/org/ow2/asm/asm/9.3/asm-9.3.jar:/home/mikhael/.m2/repository/org/assertj/assertj-core/3.24.2/assertj-core-3.24.2.jar:/home/mikhael/.m2/repository/net/bytebuddy/byte-buddy/1.14.4/byte-buddy-1.14.4.jar:/home/mikhael/.m2/repository/org/hamcrest/hamcrest/2.2/hamcrest-2.2.jar:/home/mikhael/.m2/repository/org/junit/jupiter/junit-jupiter/5.9.3/junit-jupiter-5.9.3.jar:/home/mikhael/.m2/repository/org/junit/jupiter/junit-jupiter-api/5.9.3/junit-jupiter-api-5.9.3.jar:/home/mikhael/.m2/repository/org/opentest4j/opentest4j/1.2.0/opentest4j-1.2.0.jar:/home/mikhael/.m2/repository/org/junit/platform/junit-platform-commons/1.9.3/junit-platform-commons-1.9.3.jar:/home/mikhael/.m2/repository/org/apiguardian/apiguardian-api/1.1.2/apiguardian-api-1.1.2.jar:/home/mikhael/.m2/repository/org/junit/jupiter/junit-jupiter-params/5.9.3/junit-jupiter-params-5.9.3.jar:/home/mikhael/.m2/repository/org/junit/jupiter/junit-jupiter-engine/5.9.3/junit-jupiter-engine-5.9.3.jar:/home/mikhael/.m2/repository/org/junit/platform/junit-platform-engine/1.9.3/junit-platform-engine-1.9.3.jar:/home/mikhael/.m2/repository/org/mockito/mockito-core/5.3.1/mockito-core-5.3.1.jar:/home/mikhael/.m2/repository/net/bytebuddy/byte-buddy-agent/1.14.4/byte-buddy-agent-1.14.4.jar:/home/mikhael/.m2/repository/org/objenesis/objenesis/3.3/objenesis-3.3.jar:/home/mikhael/.m2/repository/org/mockito/mockito-junit-jupiter/5.3.1/mockito-junit-jupiter-5.3.1.jar:/home/mikhael/.m2/repository/org/skyscreamer/jsonassert/1.5.1/jsonassert-1.5.1.jar:/home/mikhael/.m2/repository/com/vaadin/external/google/android-json/0.0.20131108.vaadin1/android-json-0.0.20131108.vaadin1.jar:/home/mikhael/.m2/repository/org/springframework/spring-core/6.0.9/spring-core-6.0.9.jar:/home/mikhael/.m2/repository/org/springframework/spring-jcl/6.0.9/spring-jcl-6.0.9.jar:/home/mikhael/.m2/repository/org/springframework/spring-test/6.0.9/spring-test-6.0.9.jar:/home/mikhael/.m2/repository/org/xmlunit/xmlunit-core/2.9.1/xmlunit-core-2.9.1.jar:/home/mikhael/.m2/repository/org/projectlombok/lombok/1.18.20/lombok-1.18.20.jar:/home/mikhael/.m2/repository/org/springframework/boot/spring-boot-devtools/3.1.0/spring-boot-devtools-3.1.0.jar:/home/mikhael/.m2/repository/org/springframework/boot/spring-boot/3.1.0/spring-boot-3.1.0.jar:/home/mikhael/.m2/repository/org/springframework/boot/spring-boot-autoconfigure/3.1.0/spring-boot-autoconfigure-3.1.0.jar:/home/mikhael/.m2/repository/org/springframework/boot/spring-boot-starter-data-jpa/3.1.0/spring-boot-starter-data-jpa-3.1.0.jar:/home/mikhael/.m2/repository/org/springframework/boot/spring-boot-starter-aop/3.1.0/spring-boot-starter-aop-3.1.0.jar:/home/mikhael/.m2/repository/org/aspectj/aspectjweaver/1.9.19/aspectjweaver-1.9.19.jar:/home/mikhael/.m2/repository/org/springframework/boot/spring-boot-starter-jdbc/3.1.0/spring-boot-starter-jdbc-3.1.0.jar:/home/mikhael/.m2/repository/com/zaxxer/HikariCP/5.0.1/HikariCP-5.0.1.jar:/home/mikhael/.m2/repository/org/springframework/spring-jdbc/6.0.9/spring-jdbc-6.0.9.jar:/home/mikhael/.m2/repository/org/hibernate/orm/hibernate-core/6.2.2.Final/hibernate-core-6.2.2.Final.jar:/home/mikhael/.m2/repository/jakarta/persistence/jakarta.persistence-api/3.1.0/jakarta.persistence-api-3.1.0.jar:/home/mikhael/.m2/repository/jakarta/transaction/jakarta.transaction-api/2.0.1/jakarta.transaction-api-2.0.1.jar:/home/mikhael/.m2/repository/org/jboss/logging/jboss-logging/3.5.0.Final/jboss-logging-3.5.0.Final.jar:/home/mikhael/.m2/repository/org/hibernate/common/hibernate-commons-annotations/6.0.6.Final/hibernate-commons-annotations-6.0.6.Final.jar:/home/mikhael/.m2/repository/io/smallrye/jandex/3.0.5/jandex-3.0.5.jar:/home/mikhael/.m2/repository/com/fasterxml/classmate/1.5.1/classmate-1.5.1.jar:/home/mikhael/.m2/repository/org/glassfish/jaxb/jaxb-runtime/4.0.2/jaxb-runtime-4.0.2.jar:/home/mikhael/.m2/repository/org/glassfish/jaxb/jaxb-core/4.0.2/jaxb-core-4.0.2.jar:/home/mikhael/.m2/repository/org/eclipse/angus/angus-activation/2.0.0/angus-activation-2.0.0.jar:/home/mikhael/.m2/repository/org/glassfish/jaxb/txw2/4.0.2/txw2-4.0.2.jar:/home/mikhael/.m2/repository/com/sun/istack/istack-commons-runtime/4.1.1/istack-commons-runtime-4.1.1.jar:/home/mikhael/.m2/repository/jakarta/inject/jakarta.inject-api/2.0.1/jakarta.inject-api-2.0.1.jar:/home/mikhael/.m2/repository/org/antlr/antlr4-runtime/4.10.1/antlr4-runtime-4.10.1.jar:/home/mikhael/.m2/repository/org/springframework/data/spring-data-jpa/3.1.0/spring-data-jpa-3.1.0.jar:/home/mikhael/.m2/repository/org/springframework/data/spring-data-commons/3.1.0/spring-data-commons-3.1.0.jar:/home/mikhael/.m2/repository/org/springframework/spring-orm/6.0.9/spring-orm-6.0.9.jar:/home/mikhael/.m2/repository/org/springframework/spring-tx/6.0.9/spring-tx-6.0.9.jar:/home/mikhael/.m2/repository/org/springframework/spring-aspects/6.0.9/spring-aspects-6.0.9.jar:/home/mikhael/.m2/repository/org/springframework/boot/spring-boot-starter-data-elasticsearch/3.1.0/spring-boot-starter-data-elasticsearch-3.1.0.jar:/home/mikhael/.m2/repository/org/springframework/data/spring-data-elasticsearch/5.1.0/spring-data-elasticsearch-5.1.0.jar:/home/mikhael/.m2/repository/co/elastic/clients/elasticsearch-java/8.7.1/elasticsearch-java-8.7.1.jar:/home/mikhael/.m2/repository/com/google/code/findbugs/jsr305/3.0.2/jsr305-3.0.2.jar:/home/mikhael/.m2/repository/jakarta/json/jakarta.json-api/2.1.1/jakarta.json-api-2.1.1.jar:/home/mikhael/.m2/repository/org/eclipse/parsson/parsson/1.0.0/parsson-1.0.0.jar:/home/mikhael/.m2/repository/org/elasticsearch/client/elasticsearch-rest-client/8.7.1/elasticsearch-rest-client-8.7.1.jar:/home/mikhael/.m2/repository/org/apache/httpcomponents/httpclient/4.5.13/httpclient-4.5.13.jar:/home/mikhael/.m2/repository/org/apache/httpcomponents/httpcore/4.4.16/httpcore-4.4.16.jar:/home/mikhael/.m2/repository/org/apache/httpcomponents/httpasyncclient/4.1.5/httpasyncclient-4.1.5.jar:/home/mikhael/.m2/repository/org/apache/httpcomponents/httpcore-nio/4.4.16/httpcore-nio-4.4.16.jar:/home/mikhael/.m2/repository/commons-codec/commons-codec/1.15/commons-codec-1.15.jar:/home/mikhael/.m2/repository/com/fasterxml/jackson/core/jackson-core/2.15.0/jackson-core-2.15.0.jar:/home/mikhael/.m2/repository/com/h2database/h2/2.1.214/h2-2.1.214.jar:/home/mikhael/.m2/repository/org/springframework/boot/spring-boot-starter-amqp/3.1.0/spring-boot-starter-amqp-3.1.0.jar:/home/mikhael/.m2/repository/org/springframework/spring-messaging/6.0.9/spring-messaging-6.0.9.jar:/home/mikhael/.m2/repository/org/springframework/amqp/spring-rabbit/3.0.4/spring-rabbit-3.0.4.jar:/home/mikhael/.m2/repository/org/springframework/amqp/spring-amqp/3.0.4/spring-amqp-3.0.4.jar:/home/mikhael/.m2/repository/org/springframework/retry/spring-retry/2.0.1/spring-retry-2.0.1.jar:/home/mikhael/.m2/repository/com/rabbitmq/amqp-client/5.17.0/amqp-client-5.17.0.jar:"/>
    <property name="sun.cpu.endian" value="little"/>
    <property name="user.home" value="/home/mikhael"/>
    <property name="user.language" value="en"/>
    <property name="java.specification.vendor" value="Oracle Corporation"/>
    <property name="java.version.date" value="2023-04-18"/>
    <property name="java.home" value="/usr/lib/jvm/java-17-openjdk-amd64"/>
    <property name="file.separator" value="/"/>
    <property name="basedir" value="/home/mikhael/Documents/teste-api-processos/backend"/>
    <property name="java.vm.compressedOopsMode" value="32-bit"/>
    <property name="line.separator" value="&#10;"/>
    <property name="java.vm.specification.vendor" value="Oracle Corporation"/>
    <property name="java.specification.name" value="Java Platform API Specification"/>
    <property name="FILE_LOG_CHARSET" value="UTF-8"/>
    <property name="java.awt.headless" value="true"/>
    <property name="surefire.real.class.path" value="/home/mikhael/Documents/teste-api-processos/backend/target/surefire/surefirebooter-20230621185923658_3.jar"/>
    <property name="sun.management.compiler" value="HotSpot 64-Bit Tiered Compilers"/>
    <property name="java.runtime.version" value="17.0.7+7-Ubuntu-0ubuntu122.04.2"/>
    <property name="user.name" value="mikhael"/>
    <property name="path.separator" value=":"/>
    <property name="os.version" value="5.15.0-75-generic"/>
    <property name="java.runtime.name" value="OpenJDK Runtime Environment"/>
    <property name="file.encoding" value="UTF-8"/>
    <property name="java.vm.name" value="OpenJDK 64-Bit Server VM"/>
    <property name="localRepository" value="/home/mikhael/.m2/repository"/>
    <property name="java.vendor.url.bug" value="Unknown"/>
    <property name="java.io.tmpdir" value="/tmp"/>
    <property name="com.zaxxer.hikari.pool_number" value="1"/>
    <property name="java.version" value="17.0.7"/>
    <property name="user.dir" value="/home/mikhael/Documents/teste-api-processos/backend"/>
    <property name="os.arch" value="amd64"/>
    <property name="java.vm.specification.name" value="Java Virtual Machine Specification"/>
    <property name="PID" value="17095"/>
    <property name="user.language.format" value="pt"/>
    <property name="CONSOLE_LOG_CHARSET" value="UTF-8"/>
    <property name="native.encoding" value="UTF-8"/>
    <property name="java.library.path" value="/usr/java/packages/lib:/usr/lib/x86_64-linux-gnu/jni:/lib/x86_64-linux-gnu:/usr/lib/x86_64-linux-gnu:/usr/lib/jni:/lib:/usr/lib"/>
    <property name="java.vm.info" value="mixed mode, sharing"/>
    <property name="java.vendor" value="Private Build"/>
    <property name="java.vm.version" value="17.0.7+7-Ubuntu-0ubuntu122.04.2"/>
    <property name="sun.io.unicode.encoding" value="UnicodeLittle"/>
    <property name="java.class.version" value="61.0"/>
  </properties>
  <testcase name="contextLoads" classname="com.miccarv.project.ProjectApplicationTests" time="0.439">
    <system-out><![CDATA[18:59:24.328 [main] INFO org.springframework.test.context.support.AnnotationConfigContextLoaderUtils -- Could not detect default configuration classes for test class [com.miccarv.project.ProjectApplicationTests]: ProjectApplicationTests does not declare any static, non-private, non-final, nested classes annotated with @Configuration.
18:59:24.407 [main] INFO org.springframework.boot.test.context.SpringBootTestContextBootstrapper -- Found @SpringBootConfiguration com.miccarv.project.ProjectApplication for test class com.miccarv.project.ProjectApplicationTests

  .   ____          _            __ _ _
 /\\ / ___'_ __ _ _(_)_ __  __ _ \ \ \ \
( ( )\___ | '_ | '_| | '_ \/ _` | \ \ \ \
 \\/  ___)| |_)| | | | | || (_| |  ) ) ) )
  '  |____| .__|_| |_|_| |_\__, | / / / /
 =========|_|==============|___/=/_/_/_/
 :: Spring Boot ::                (v3.1.0)

2023-06-21T18:59:24.848-03:00  INFO 17095 --- [           main] c.m.project.ProjectApplicationTests      : Starting ProjectApplicationTests using Java 17.0.7 with PID 17095 (started by mikhael in /home/mikhael/Documents/teste-api-processos/backend)
2023-06-21T18:59:24.850-03:00  INFO 17095 --- [           main] c.m.project.ProjectApplicationTests      : No active profile set, falling back to 1 default profile: "default"
2023-06-21T18:59:25.683-03:00  INFO 17095 --- [           main] .s.d.r.c.RepositoryConfigurationDelegate : Multiple Spring Data modules found, entering strict repository configuration mode
2023-06-21T18:59:25.684-03:00  INFO 17095 --- [           main] .s.d.r.c.RepositoryConfigurationDelegate : Bootstrapping Spring Data Elasticsearch repositories in DEFAULT mode.
2023-06-21T18:59:25.717-03:00  INFO 17095 --- [           main] .RepositoryConfigurationExtensionSupport : Spring Data Elasticsearch - Could not safely identify store assignment for repository candidate interface com.miccarv.project.repository.MovimentacaoRepository; If you want this repository to be a Elasticsearch repository, consider annotating your entities with one of these annotations: org.springframework.data.elasticsearch.annotations.Document (preferred), or consider extending one of the following types with your repository: org.springframework.data.elasticsearch.repository.ElasticsearchRepository, org.springframework.data.elasticsearch.repository.ElasticsearchRepository
2023-06-21T18:59:25.719-03:00  INFO 17095 --- [           main] .RepositoryConfigurationExtensionSupport : Spring Data Elasticsearch - Could not safely identify store assignment for repository candidate interface com.miccarv.project.repository.ProcessoRepository; If you want this repository to be a Elasticsearch repository, consider annotating your entities with one of these annotations: org.springframework.data.elasticsearch.annotations.Document (preferred), or consider extending one of the following types with your repository: org.springframework.data.elasticsearch.repository.ElasticsearchRepository, org.springframework.data.elasticsearch.repository.ElasticsearchRepository
2023-06-21T18:59:25.735-03:00  INFO 17095 --- [           main] .s.d.r.c.RepositoryConfigurationDelegate : Finished Spring Data repository scanning in 46 ms. Found 1 Elasticsearch repository interfaces.
2023-06-21T18:59:25.743-03:00  INFO 17095 --- [           main] .s.d.r.c.RepositoryConfigurationDelegate : Multiple Spring Data modules found, entering strict repository configuration mode
2023-06-21T18:59:25.744-03:00  INFO 17095 --- [           main] .s.d.r.c.RepositoryConfigurationDelegate : Bootstrapping Spring Data Reactive Elasticsearch repositories in DEFAULT mode.
2023-06-21T18:59:25.751-03:00  INFO 17095 --- [           main] .RepositoryConfigurationExtensionSupport : Spring Data Reactive Elasticsearch - Could not safely identify store assignment for repository candidate interface com.miccarv.project.repository.MovimentacaoRepository; If you want this repository to be a Reactive Elasticsearch repository, consider annotating your entities with one of these annotations: org.springframework.data.elasticsearch.annotations.Document (preferred), or consider extending one of the following types with your repository: org.springframework.data.elasticsearch.repository.ReactiveElasticsearchRepository
2023-06-21T18:59:25.752-03:00  INFO 17095 --- [           main] .RepositoryConfigurationExtensionSupport : Spring Data Reactive Elasticsearch - Could not safely identify store assignment for repository candidate interface com.miccarv.project.repository.ProcessoRepository; If you want this repository to be a Reactive Elasticsearch repository, consider annotating your entities with one of these annotations: org.springframework.data.elasticsearch.annotations.Document (preferred), or consider extending one of the following types with your repository: org.springframework.data.elasticsearch.repository.ReactiveElasticsearchRepository
2023-06-21T18:59:25.752-03:00  INFO 17095 --- [           main] .s.d.r.c.RepositoryConfigurationDelegate : Finished Spring Data repository scanning in 8 ms. Found 0 Reactive Elasticsearch repository interfaces.
2023-06-21T18:59:25.765-03:00  INFO 17095 --- [           main] .s.d.r.c.RepositoryConfigurationDelegate : Multiple Spring Data modules found, entering strict repository configuration mode
2023-06-21T18:59:25.766-03:00  INFO 17095 --- [           main] .s.d.r.c.RepositoryConfigurationDelegate : Bootstrapping Spring Data JPA repositories in DEFAULT mode.
2023-06-21T18:59:25.776-03:00  INFO 17095 --- [           main] .RepositoryConfigurationExtensionSupport : Spring Data JPA - Could not safely identify store assignment for repository candidate interface com.miccarv.project.infra.elasticsearch.repository.ElasticSearchRepository; If you want this repository to be a JPA repository, consider annotating your entities with one of these annotations: jakarta.persistence.Entity, jakarta.persistence.MappedSuperclass (preferred), or consider extending one of the following types with your repository: org.springframework.data.jpa.repository.JpaRepository
2023-06-21T18:59:25.783-03:00  INFO 17095 --- [           main] .s.d.r.c.RepositoryConfigurationDelegate : Finished Spring Data repository scanning in 13 ms. Found 2 JPA repository interfaces.
2023-06-21T18:59:26.238-03:00  INFO 17095 --- [           main] com.zaxxer.hikari.HikariDataSource       : HikariPool-1 - Starting...
2023-06-21T18:59:26.416-03:00  INFO 17095 --- [           main] com.zaxxer.hikari.pool.HikariPool        : HikariPool-1 - Added connection conn0: url=jdbc:h2:mem:processos user=USER
2023-06-21T18:59:26.418-03:00  INFO 17095 --- [           main] com.zaxxer.hikari.HikariDataSource       : HikariPool-1 - Start completed.
2023-06-21T18:59:26.461-03:00  INFO 17095 --- [           main] o.hibernate.jpa.internal.util.LogHelper  : HHH000204: Processing PersistenceUnitInfo [name: default]
2023-06-21T18:59:26.501-03:00  INFO 17095 --- [           main] org.hibernate.Version                    : HHH000412: Hibernate ORM core version 6.2.2.Final
2023-06-21T18:59:26.502-03:00  INFO 17095 --- [           main] org.hibernate.cfg.Environment            : HHH000406: Using bytecode reflection optimizer
2023-06-21T18:59:26.640-03:00  INFO 17095 --- [           main] o.h.b.i.BytecodeProviderInitiator        : HHH000021: Bytecode provider name : bytebuddy
2023-06-21T18:59:26.745-03:00  INFO 17095 --- [           main] o.s.o.j.p.SpringPersistenceUnitInfo      : No LoadTimeWeaver setup: ignoring JPA class transformer
2023-06-21T18:59:26.786-03:00  INFO 17095 --- [           main] org.hibernate.orm.dialect                : HHH035001: Using dialect: org.hibernate.dialect.H2Dialect, version: 2.1.214
2023-06-21T18:59:26.983-03:00  INFO 17095 --- [           main] o.h.b.i.BytecodeProviderInitiator        : HHH000021: Bytecode provider name : bytebuddy
2023-06-21T18:59:27.509-03:00  INFO 17095 --- [           main] o.h.e.t.j.p.i.JtaPlatformInitiator       : HHH000490: Using JtaPlatform implementation: [org.hibernate.engine.transaction.jta.platform.internal.NoJtaPlatform]
2023-06-21T18:59:27.563-03:00  INFO 17095 --- [           main] o.h.t.s.i.e.GenerationTargetToDatabase   : HHH000476: Executing script '[injected ScriptSourceInputNonExistentImpl script]'
2023-06-21T18:59:27.565-03:00  INFO 17095 --- [           main] j.LocalContainerEntityManagerFactoryBean : Initialized JPA EntityManagerFactory for persistence unit 'default'
2023-06-21T18:59:28.450-03:00  WARN 17095 --- [           main] JpaBaseConfiguration$JpaWebConfiguration : spring.jpa.open-in-view is enabled by default. Therefore, database queries may be performed during view rendering. Explicitly configure spring.jpa.open-in-view to disable this warning
2023-06-21T18:59:28.969-03:00  INFO 17095 --- [           main] o.s.b.a.h2.H2ConsoleAutoConfiguration    : H2 console available at '/h2-console'. Database available at 'jdbc:h2:mem:processos'
2023-06-21T18:59:29.006-03:00  INFO 17095 --- [           main] o.s.b.a.e.web.EndpointLinksResolver      : Exposing 1 endpoint(s) beneath base path ''
2023-06-21T18:59:29.085-03:00  INFO 17095 --- [           main] o.s.a.r.c.CachingConnectionFactory       : Attempting to connect to: localhost:5672
2023-06-21T18:59:29.096-03:00  INFO 17095 --- [           main] o.s.a.r.l.SimpleMessageListenerContainer : Broker not available; cannot force queue declarations during start: java.net.ConnectException: Connection refused
2023-06-21T18:59:29.103-03:00  INFO 17095 --- [ntContainer#0-1] o.s.a.r.c.CachingConnectionFactory       : Attempting to connect to: localhost:5672
2023-06-21T18:59:29.105-03:00 ERROR 17095 --- [ntContainer#0-1] o.s.a.r.l.SimpleMessageListenerContainer : Failed to check/redeclare auto-delete queue(s).

org.springframework.amqp.AmqpConnectException: java.net.ConnectException: Connection refused
	at org.springframework.amqp.rabbit.support.RabbitExceptionTranslator.convertRabbitAccessException(RabbitExceptionTranslator.java:61) ~[spring-rabbit-3.0.4.jar:3.0.4]
	at org.springframework.amqp.rabbit.connection.AbstractConnectionFactory.createBareConnection(AbstractConnectionFactory.java:594) ~[spring-rabbit-3.0.4.jar:3.0.4]
	at org.springframework.amqp.rabbit.connection.CachingConnectionFactory.createConnection(CachingConnectionFactory.java:687) ~[spring-rabbit-3.0.4.jar:3.0.4]
	at org.springframework.amqp.rabbit.connection.ConnectionFactoryUtils.createConnection(ConnectionFactoryUtils.java:257) ~[spring-rabbit-3.0.4.jar:3.0.4]
	at org.springframework.amqp.rabbit.core.RabbitTemplate.doExecute(RabbitTemplate.java:2225) ~[spring-rabbit-3.0.4.jar:3.0.4]
	at org.springframework.amqp.rabbit.core.RabbitTemplate.execute(RabbitTemplate.java:2198) ~[spring-rabbit-3.0.4.jar:3.0.4]
	at org.springframework.amqp.rabbit.core.RabbitTemplate.execute(RabbitTemplate.java:2178) ~[spring-rabbit-3.0.4.jar:3.0.4]
	at org.springframework.amqp.rabbit.core.RabbitAdmin.getQueueInfo(RabbitAdmin.java:459) ~[spring-rabbit-3.0.4.jar:3.0.4]
	at org.springframework.amqp.rabbit.core.RabbitAdmin.getQueueProperties(RabbitAdmin.java:443) ~[spring-rabbit-3.0.4.jar:3.0.4]
	at org.springframework.amqp.rabbit.listener.AbstractMessageListenerContainer.attemptDeclarations(AbstractMessageListenerContainer.java:1987) ~[spring-rabbit-3.0.4.jar:3.0.4]
	at org.springframework.amqp.rabbit.listener.AbstractMessageListenerContainer.redeclareElementsIfNecessary(AbstractMessageListenerContainer.java:1960) ~[spring-rabbit-3.0.4.jar:3.0.4]
	at org.springframework.amqp.rabbit.listener.SimpleMessageListenerContainer$AsyncMessageProcessingConsumer.initialize(SimpleMessageListenerContainer.java:1384) ~[spring-rabbit-3.0.4.jar:3.0.4]
	at org.springframework.amqp.rabbit.listener.SimpleMessageListenerContainer$AsyncMessageProcessingConsumer.run(SimpleMessageListenerContainer.java:1230) ~[spring-rabbit-3.0.4.jar:3.0.4]
	at java.base/java.lang.Thread.run(Thread.java:833) ~[na:na]
Caused by: java.net.ConnectException: Connection refused
	at java.base/sun.nio.ch.Net.pollConnect(Native Method) ~[na:na]
	at java.base/sun.nio.ch.Net.pollConnectNow(Net.java:672) ~[na:na]
	at java.base/sun.nio.ch.NioSocketImpl.timedFinishConnect(NioSocketImpl.java:542) ~[na:na]
	at java.base/sun.nio.ch.NioSocketImpl.connect(NioSocketImpl.java:597) ~[na:na]
	at java.base/java.net.SocksSocketImpl.connect(SocksSocketImpl.java:327) ~[na:na]
	at java.base/java.net.Socket.connect(Socket.java:633) ~[na:na]
	at com.rabbitmq.client.impl.SocketFrameHandlerFactory.create(SocketFrameHandlerFactory.java:59) ~[amqp-client-5.17.0.jar:5.17.0]
	at com.rabbitmq.client.ConnectionFactory.newConnection(ConnectionFactory.java:1223) ~[amqp-client-5.17.0.jar:5.17.0]
	at com.rabbitmq.client.ConnectionFactory.newConnection(ConnectionFactory.java:1173) ~[amqp-client-5.17.0.jar:5.17.0]
	at com.rabbitmq.client.ConnectionFactory.newConnection(ConnectionFactory.java:1342) ~[amqp-client-5.17.0.jar:5.17.0]
	at org.springframework.amqp.rabbit.connection.AbstractConnectionFactory.connectHostPort(AbstractConnectionFactory.java:645) ~[spring-rabbit-3.0.4.jar:3.0.4]
	at org.springframework.amqp.rabbit.connection.AbstractConnectionFactory.connect(AbstractConnectionFactory.java:610) ~[spring-rabbit-3.0.4.jar:3.0.4]
	at org.springframework.amqp.rabbit.connection.AbstractConnectionFactory.createBareConnection(AbstractConnectionFactory.java:557) ~[spring-rabbit-3.0.4.jar:3.0.4]
	... 12 common frames omitted

2023-06-21T18:59:29.110-03:00  INFO 17095 --- [ntContainer#0-1] o.s.a.r.c.CachingConnectionFactory       : Attempting to connect to: localhost:5672
2023-06-21T18:59:29.136-03:00  INFO 17095 --- [           main] c.m.project.ProjectApplicationTests      : Started ProjectApplicationTests in 4.581 seconds (process running for 5.406)
]]></system-out>
  </testcase>
</testsuite>